This file contains any messages produced by compilers while
running configure, to aid debugging if configure makes a mistake.

It was created by usbutils configure 0.87, which was
generated by GNU Autoconf 2.63.  Invocation command line was

  $ ./configure --target=arm-linux --host=arm-linux --build=i686-pc-linux-gnu --prefix=/usr --exec-prefix=/usr --sysconfdir=/etc --disable-gtk-doc --disable-zlib

## --------- ##
## Platform. ##
## --------- ##

hostname = difbook
uname -m = i686
uname -r = 2.6.32-32-generic
uname -s = Linux
uname -v = #62-Ubuntu SMP Wed Apr 20 21:54:21 UTC 2011

/usr/bin/uname -p = unknown
/bin/uname -X     = unknown

/bin/arch              = unknown
/usr/bin/arch -k       = unknown
/usr/convex/getsysinfo = unknown
/usr/bin/hostinfo      = unknown
/bin/machine           = unknown
/usr/bin/oslevel       = unknown
/bin/universe          = unknown

PATH: /home/vasyaod/work/SK-9G45-OEM/buildroot-2010.08/output/host/bin
PATH: /home/vasyaod/work/SK-9G45-OEM/buildroot-2010.08/output/host/usr/bin
PATH: /home/vasyaod/work/SK-9G45-OEM/buildroot-2010.08/output/host/usr/sbin/
PATH: /local/jdk/bin
PATH: ~/java/apache-maven-3.0.3/bin
PATH: /usr/local/arm/last/bin
PATH: /home/vasyaod/bin
PATH: /usr/local/sbin
PATH: /usr/local/bin
PATH: /usr/sbin
PATH: /usr/bin
PATH: /sbin
PATH: /bin
PATH: /usr/games


## ----------- ##
## Core tests. ##
## ----------- ##

configure:1893: checking for a BSD-compatible install
configure:1961: result: /usr/bin/install -c
configure:1972: checking whether build environment is sane
configure:2032: result: yes
configure:2081: checking for arm-linux-strip
configure:2108: result: /usr/local/arm/last/bin/arm-none-linux-gnueabi-strip
configure:2173: checking for a thread-safe mkdir -p
configure:2212: result: /bin/mkdir -p
configure:2225: checking for gawk
configure:2241: found /usr/bin/gawk
configure:2252: result: gawk
configure:2263: checking whether make sets $(MAKE)
configure:2285: result: yes
configure:2393: checking for style of include used by make
configure:2421: result: GNU
configure:2451: checking for arm-linux-gcc
configure:2478: result: /usr/local/arm/last/bin/arm-none-linux-gnueabi-gcc --sysroot=/home/vasyaod/work/SK-9G45-OEM/buildroot-2010.08/output/staging
configure:2750: checking for C compiler version
configure:2758: /usr/local/arm/last/bin/arm-none-linux-gnueabi-gcc --sysroot=/home/vasyaod/work/SK-9G45-OEM/buildroot-2010.08/output/staging --version >&5
arm-none-linux-gnueabi-gcc (CodeSourcery Sourcery G++ Lite 2007q1-10) 4.2.0 20070413 (prerelease)
Copyright (C) 2007 Free Software Foundation, Inc.
This is free software; see the source for copying conditions.  There is NO
warranty; not even for MERCHANTABILITY or FITNESS FOR A PARTICULAR PURPOSE.

configure:2762: $? = 0
configure:2769: /usr/local/arm/last/bin/arm-none-linux-gnueabi-gcc --sysroot=/home/vasyaod/work/SK-9G45-OEM/buildroot-2010.08/output/staging -v >&5
Using built-in specs.
Target: arm-none-linux-gnueabi
Configured with: /scratch/paul/arm/src/gcc-4.2/configure --build=i686-pc-linux-gnu --host=i686-pc-linux-gnu --target=arm-none-linux-gnueabi --enable-shared --enable-threads --disable-libmudflap --disable-libssp --disable-libgomp --disable-libstdcxx-pch --with-gnu-as --with-gnu-ld --prefix=/opt/codesourcery --enable-languages=c,c++ --enable-symvers=gnu --enable-__cxa_atexit --with-versuffix=CodeSourcery Sourcery G++ Lite 2007q1-10 --with-pkgversion=CodeSourcery Sourcery G++ Lite 2007q1-10 --with-bugurl=https://support.codesourcery.com/GNUToolchain/ --disable-nls --with-sysroot=/opt/codesourcery/arm-none-linux-gnueabi/libc --with-build-sysroot=/scratch/paul/arm/install/arm-none-linux-gnueabi/libc --enable-poison-system-directories --with-build-time-tools=/scratch/paul/arm/install/arm-none-linux-gnueabi/bin --with-build-time-tools=/scratch/paul/arm/install/arm-none-linux-gnueabi/bin
Thread model: posix
gcc version 4.2.0 20070413 (prerelease) (CodeSourcery Sourcery G++ Lite 2007q1-10)
configure:2773: $? = 0
configure:2780: /usr/local/arm/last/bin/arm-none-linux-gnueabi-gcc --sysroot=/home/vasyaod/work/SK-9G45-OEM/buildroot-2010.08/output/staging -V >&5
arm-none-linux-gnueabi-gcc: '-V' must come at the start of the command line
configure:2784: $? = 1
configure:2807: checking for C compiler default output file name
configure:2829: /usr/local/arm/last/bin/arm-none-linux-gnueabi-gcc --sysroot=/home/vasyaod/work/SK-9G45-OEM/buildroot-2010.08/output/staging -Os -pipe -Os  -mtune=arm926ej-s -march=armv5te -mabi=aapcs-linux -D_LARGEFILE_SOURCE -D_LARGEFILE64_SOURCE -D_FILE_OFFSET_BITS=64  -L/home/vasyaod/work/SK-9G45-OEM/buildroot-2010.08/output/staging/lib -L/home/vasyaod/work/SK-9G45-OEM/buildroot-2010.08/output/staging/usr/lib conftest.c  >&5
configure:2833: $? = 0
configure:2871: result: a.out
configure:2890: checking whether the C compiler works
configure:2923: result: yes
configure:2930: checking whether we are cross compiling
configure:2932: result: yes
configure:2935: checking for suffix of executables
configure:2942: /usr/local/arm/last/bin/arm-none-linux-gnueabi-gcc --sysroot=/home/vasyaod/work/SK-9G45-OEM/buildroot-2010.08/output/staging -o conftest -Os -pipe -Os  -mtune=arm926ej-s -march=armv5te -mabi=aapcs-linux -D_LARGEFILE_SOURCE -D_LARGEFILE64_SOURCE -D_FILE_OFFSET_BITS=64  -L/home/vasyaod/work/SK-9G45-OEM/buildroot-2010.08/output/staging/lib -L/home/vasyaod/work/SK-9G45-OEM/buildroot-2010.08/output/staging/usr/lib conftest.c  >&5
configure:2946: $? = 0
configure:2972: result: 
configure:2978: checking for suffix of object files
configure:3004: /usr/local/arm/last/bin/arm-none-linux-gnueabi-gcc --sysroot=/home/vasyaod/work/SK-9G45-OEM/buildroot-2010.08/output/staging -c -Os -pipe -Os  -mtune=arm926ej-s -march=armv5te -mabi=aapcs-linux -D_LARGEFILE_SOURCE -D_LARGEFILE64_SOURCE -D_FILE_OFFSET_BITS=64  conftest.c >&5
configure:3008: $? = 0
configure:3033: result: o
configure:3037: checking whether we are using the GNU C compiler
configure:3066: /usr/local/arm/last/bin/arm-none-linux-gnueabi-gcc --sysroot=/home/vasyaod/work/SK-9G45-OEM/buildroot-2010.08/output/staging -c -Os -pipe -Os  -mtune=arm926ej-s -march=armv5te -mabi=aapcs-linux -D_LARGEFILE_SOURCE -D_LARGEFILE64_SOURCE -D_FILE_OFFSET_BITS=64  conftest.c >&5
configure:3073: $? = 0
configure:3090: result: yes
configure:3099: checking whether /usr/local/arm/last/bin/arm-none-linux-gnueabi-gcc --sysroot=/home/vasyaod/work/SK-9G45-OEM/buildroot-2010.08/output/staging accepts -g
configure:3129: /usr/local/arm/last/bin/arm-none-linux-gnueabi-gcc --sysroot=/home/vasyaod/work/SK-9G45-OEM/buildroot-2010.08/output/staging -c -g  conftest.c >&5
configure:3136: $? = 0
configure:3237: result: yes
configure:3254: checking for /usr/local/arm/last/bin/arm-none-linux-gnueabi-gcc --sysroot=/home/vasyaod/work/SK-9G45-OEM/buildroot-2010.08/output/staging option to accept ISO C89
configure:3328: /usr/local/arm/last/bin/arm-none-linux-gnueabi-gcc --sysroot=/home/vasyaod/work/SK-9G45-OEM/buildroot-2010.08/output/staging  -c -Os -pipe -Os  -mtune=arm926ej-s -march=armv5te -mabi=aapcs-linux -D_LARGEFILE_SOURCE -D_LARGEFILE64_SOURCE -D_FILE_OFFSET_BITS=64  conftest.c >&5
configure:3335: $? = 0
configure:3358: result: none needed
configure:3378: checking dependency style of /usr/local/arm/last/bin/arm-none-linux-gnueabi-gcc --sysroot=/home/vasyaod/work/SK-9G45-OEM/buildroot-2010.08/output/staging
configure:3488: result: gcc3
configure:3509: checking how to run the C preprocessor
configure:3627: result: /usr/local/arm/last/bin/arm-none-linux-gnueabi-cpp --sysroot=/home/vasyaod/work/SK-9G45-OEM/buildroot-2010.08/output/staging
configure:3656: /usr/local/arm/last/bin/arm-none-linux-gnueabi-cpp --sysroot=/home/vasyaod/work/SK-9G45-OEM/buildroot-2010.08/output/staging  conftest.c
configure:3663: $? = 0
configure:3694: /usr/local/arm/last/bin/arm-none-linux-gnueabi-cpp --sysroot=/home/vasyaod/work/SK-9G45-OEM/buildroot-2010.08/output/staging  conftest.c
conftest.c:10:28: error: ac_nonexistent.h: No such file or directory
configure:3701: $? = 1
configure: failed program was:
| /* confdefs.h.  */
| #define PACKAGE_NAME "usbutils"
| #define PACKAGE_TARNAME "usbutils"
| #define PACKAGE_VERSION "0.87"
| #define PACKAGE_STRING "usbutils 0.87"
| #define PACKAGE_BUGREPORT "linux-usb@vger.kernel.org"
| #define PACKAGE "usbutils"
| #define VERSION "0.87"
| /* end confdefs.h.  */
| #include <ac_nonexistent.h>
configure:3741: checking for grep that handles long lines and -e
configure:3801: result: /bin/grep
configure:3806: checking for egrep
configure:3870: result: /bin/grep -E
configure:3875: checking for ANSI C header files
configure:3905: /usr/local/arm/last/bin/arm-none-linux-gnueabi-gcc --sysroot=/home/vasyaod/work/SK-9G45-OEM/buildroot-2010.08/output/staging -c -Os -pipe -Os  -mtune=arm926ej-s -march=armv5te -mabi=aapcs-linux -D_LARGEFILE_SOURCE -D_LARGEFILE64_SOURCE -D_FILE_OFFSET_BITS=64  conftest.c >&5
configure:3912: $? = 0
configure:4043: result: yes
configure:4067: checking for sys/types.h
configure:4088: /usr/local/arm/last/bin/arm-none-linux-gnueabi-gcc --sysroot=/home/vasyaod/work/SK-9G45-OEM/buildroot-2010.08/output/staging -c -Os -pipe -Os  -mtune=arm926ej-s -march=armv5te -mabi=aapcs-linux -D_LARGEFILE_SOURCE -D_LARGEFILE64_SOURCE -D_FILE_OFFSET_BITS=64  conftest.c >&5
configure:4095: $? = 0
configure:4112: result: yes
configure:4067: checking for sys/stat.h
configure:4088: /usr/local/arm/last/bin/arm-none-linux-gnueabi-gcc --sysroot=/home/vasyaod/work/SK-9G45-OEM/buildroot-2010.08/output/staging -c -Os -pipe -Os  -mtune=arm926ej-s -march=armv5te -mabi=aapcs-linux -D_LARGEFILE_SOURCE -D_LARGEFILE64_SOURCE -D_FILE_OFFSET_BITS=64  conftest.c >&5
configure:4095: $? = 0
configure:4112: result: yes
configure:4067: checking for stdlib.h
configure:4088: /usr/local/arm/last/bin/arm-none-linux-gnueabi-gcc --sysroot=/home/vasyaod/work/SK-9G45-OEM/buildroot-2010.08/output/staging -c -Os -pipe -Os  -mtune=arm926ej-s -march=armv5te -mabi=aapcs-linux -D_LARGEFILE_SOURCE -D_LARGEFILE64_SOURCE -D_FILE_OFFSET_BITS=64  conftest.c >&5
configure:4095: $? = 0
configure:4112: result: yes
configure:4067: checking for string.h
configure:4088: /usr/local/arm/last/bin/arm-none-linux-gnueabi-gcc --sysroot=/home/vasyaod/work/SK-9G45-OEM/buildroot-2010.08/output/staging -c -Os -pipe -Os  -mtune=arm926ej-s -march=armv5te -mabi=aapcs-linux -D_LARGEFILE_SOURCE -D_LARGEFILE64_SOURCE -D_FILE_OFFSET_BITS=64  conftest.c >&5
configure:4095: $? = 0
configure:4112: result: yes
configure:4067: checking for memory.h
configure:4088: /usr/local/arm/last/bin/arm-none-linux-gnueabi-gcc --sysroot=/home/vasyaod/work/SK-9G45-OEM/buildroot-2010.08/output/staging -c -Os -pipe -Os  -mtune=arm926ej-s -march=armv5te -mabi=aapcs-linux -D_LARGEFILE_SOURCE -D_LARGEFILE64_SOURCE -D_FILE_OFFSET_BITS=64  conftest.c >&5
configure:4095: $? = 0
configure:4112: result: yes
configure:4067: checking for strings.h
configure:4088: /usr/local/arm/last/bin/arm-none-linux-gnueabi-gcc --sysroot=/home/vasyaod/work/SK-9G45-OEM/buildroot-2010.08/output/staging -c -Os -pipe -Os  -mtune=arm926ej-s -march=armv5te -mabi=aapcs-linux -D_LARGEFILE_SOURCE -D_LARGEFILE64_SOURCE -D_FILE_OFFSET_BITS=64  conftest.c >&5
configure:4095: $? = 0
configure:4112: result: yes
configure:4067: checking for inttypes.h
configure:4088: /usr/local/arm/last/bin/arm-none-linux-gnueabi-gcc --sysroot=/home/vasyaod/work/SK-9G45-OEM/buildroot-2010.08/output/staging -c -Os -pipe -Os  -mtune=arm926ej-s -march=armv5te -mabi=aapcs-linux -D_LARGEFILE_SOURCE -D_LARGEFILE64_SOURCE -D_FILE_OFFSET_BITS=64  conftest.c >&5
configure:4095: $? = 0
configure:4112: result: yes
configure:4067: checking for stdint.h
configure:4088: /usr/local/arm/last/bin/arm-none-linux-gnueabi-gcc --sysroot=/home/vasyaod/work/SK-9G45-OEM/buildroot-2010.08/output/staging -c -Os -pipe -Os  -mtune=arm926ej-s -march=armv5te -mabi=aapcs-linux -D_LARGEFILE_SOURCE -D_LARGEFILE64_SOURCE -D_FILE_OFFSET_BITS=64  conftest.c >&5
configure:4095: $? = 0
configure:4112: result: yes
configure:4067: checking for unistd.h
configure:4088: /usr/local/arm/last/bin/arm-none-linux-gnueabi-gcc --sysroot=/home/vasyaod/work/SK-9G45-OEM/buildroot-2010.08/output/staging -c -Os -pipe -Os  -mtune=arm926ej-s -march=armv5te -mabi=aapcs-linux -D_LARGEFILE_SOURCE -D_LARGEFILE64_SOURCE -D_FILE_OFFSET_BITS=64  conftest.c >&5
configure:4095: $? = 0
configure:4112: result: yes
configure:4137: checking minix/config.h usability
configure:4154: /usr/local/arm/last/bin/arm-none-linux-gnueabi-gcc --sysroot=/home/vasyaod/work/SK-9G45-OEM/buildroot-2010.08/output/staging -c -Os -pipe -Os  -mtune=arm926ej-s -march=armv5te -mabi=aapcs-linux -D_LARGEFILE_SOURCE -D_LARGEFILE64_SOURCE -D_FILE_OFFSET_BITS=64  conftest.c >&5
conftest.c:53:26: error: minix/config.h: No such file or directory
configure:4161: $? = 1
configure: failed program was:
| /* confdefs.h.  */
| #define PACKAGE_NAME "usbutils"
| #define PACKAGE_TARNAME "usbutils"
| #define PACKAGE_VERSION "0.87"
| #define PACKAGE_STRING "usbutils 0.87"
| #define PACKAGE_BUGREPORT "linux-usb@vger.kernel.org"
| #define PACKAGE "usbutils"
| #define VERSION "0.87"
| #define STDC_HEADERS 1
| #define HAVE_SYS_TYPES_H 1
| #define HAVE_SYS_STAT_H 1
| #define HAVE_STDLIB_H 1
| #define HAVE_STRING_H 1
| #define HAVE_MEMORY_H 1
| #define HAVE_STRINGS_H 1
| #define HAVE_INTTYPES_H 1
| #define HAVE_STDINT_H 1
| #define HAVE_UNISTD_H 1
| /* end confdefs.h.  */
| #include <stdio.h>
| #ifdef HAVE_SYS_TYPES_H
| # include <sys/types.h>
| #endif
| #ifdef HAVE_SYS_STAT_H
| # include <sys/stat.h>
| #endif
| #ifdef STDC_HEADERS
| # include <stdlib.h>
| # include <stddef.h>
| #else
| # ifdef HAVE_STDLIB_H
| #  include <stdlib.h>
| # endif
| #endif
| #ifdef HAVE_STRING_H
| # if !defined STDC_HEADERS && defined HAVE_MEMORY_H
| #  include <memory.h>
| # endif
| # include <string.h>
| #endif
| #ifdef HAVE_STRINGS_H
| # include <strings.h>
| #endif
| #ifdef HAVE_INTTYPES_H
| # include <inttypes.h>
| #endif
| #ifdef HAVE_STDINT_H
| # include <stdint.h>
| #endif
| #ifdef HAVE_UNISTD_H
| # include <unistd.h>
| #endif
| #include <minix/config.h>
configure:4175: result: no
configure:4179: checking minix/config.h presence
configure:4194: /usr/local/arm/last/bin/arm-none-linux-gnueabi-cpp --sysroot=/home/vasyaod/work/SK-9G45-OEM/buildroot-2010.08/output/staging  conftest.c
conftest.c:20:26: error: minix/config.h: No such file or directory
configure:4201: $? = 1
configure: failed program was:
| /* confdefs.h.  */
| #define PACKAGE_NAME "usbutils"
| #define PACKAGE_TARNAME "usbutils"
| #define PACKAGE_VERSION "0.87"
| #define PACKAGE_STRING "usbutils 0.87"
| #define PACKAGE_BUGREPORT "linux-usb@vger.kernel.org"
| #define PACKAGE "usbutils"
| #define VERSION "0.87"
| #define STDC_HEADERS 1
| #define HAVE_SYS_TYPES_H 1
| #define HAVE_SYS_STAT_H 1
| #define HAVE_STDLIB_H 1
| #define HAVE_STRING_H 1
| #define HAVE_MEMORY_H 1
| #define HAVE_STRINGS_H 1
| #define HAVE_INTTYPES_H 1
| #define HAVE_STDINT_H 1
| #define HAVE_UNISTD_H 1
| /* end confdefs.h.  */
| #include <minix/config.h>
configure:4215: result: no
configure:4248: checking for minix/config.h
configure:4255: result: no
configure:4286: checking whether it is safe to define __EXTENSIONS__
configure:4314: /usr/local/arm/last/bin/arm-none-linux-gnueabi-gcc --sysroot=/home/vasyaod/work/SK-9G45-OEM/buildroot-2010.08/output/staging -c -Os -pipe -Os  -mtune=arm926ej-s -march=armv5te -mabi=aapcs-linux -D_LARGEFILE_SOURCE -D_LARGEFILE64_SOURCE -D_FILE_OFFSET_BITS=64  conftest.c >&5
configure:4321: $? = 0
configure:4336: result: yes
configure:4367: checking for special C compiler options needed for large files
configure:4462: result: no
configure:4468: checking for _FILE_OFFSET_BITS value needed for large files
configure:4503: /usr/local/arm/last/bin/arm-none-linux-gnueabi-gcc --sysroot=/home/vasyaod/work/SK-9G45-OEM/buildroot-2010.08/output/staging -c -Os -pipe -Os  -mtune=arm926ej-s -march=armv5te -mabi=aapcs-linux -D_LARGEFILE_SOURCE -D_LARGEFILE64_SOURCE -D_FILE_OFFSET_BITS=64  conftest.c >&5
configure:4510: $? = 0
configure:4579: result: no
configure:4920: checking pkg-config is at least version 0.9.0
configure:4923: result: yes
configure:4934: checking for LIBUSB
configure:4941: $PKG_CONFIG --exists --print-errors "libusb >= 0.1.12"
configure:4944: $? = 0
configure:4957: $PKG_CONFIG --exists --print-errors "libusb >= 0.1.12"
configure:4960: $? = 0
configure:5037: result: yes
configure:5180: creating ./config.status

## ---------------------- ##
## Running config.status. ##
## ---------------------- ##

This file was extended by usbutils config.status 0.87, which was
generated by GNU Autoconf 2.63.  Invocation command line was

  CONFIG_FILES    = 
  CONFIG_HEADERS  = 
  CONFIG_LINKS    = 
  CONFIG_COMMANDS = 
  $ ./config.status 

on difbook

config.status:6053: creating Makefile
config.status:6053: creating config.h
config.status:6333: executing depfiles commands
configure:6512: WARNING: unrecognized options: --disable-gtk-doc
configure:6516: result:
	usbutils 0.87
	=============

	prefix:                 /usr
	datarootdir:            ${prefix}/share
	datadir:                ${datarootdir}
	mandir:                 ${datarootdir}/man

	usb.ids:                ${datarootdir}/usb.ids
	zlib:                   

	compiler:               /usr/local/arm/last/bin/arm-none-linux-gnueabi-gcc --sysroot=/home/vasyaod/work/SK-9G45-OEM/buildroot-2010.08/output/staging
	cflags:                 -Os -pipe -Os  -mtune=arm926ej-s -march=armv5te -mabi=aapcs-linux -D_LARGEFILE_SOURCE -D_LARGEFILE64_SOURCE -D_FILE_OFFSET_BITS=64
	ldflags:                -L/home/vasyaod/work/SK-9G45-OEM/buildroot-2010.08/output/staging/lib -L/home/vasyaod/work/SK-9G45-OEM/buildroot-2010.08/output/staging/usr/lib


## ---------------- ##
## Cache variables. ##
## ---------------- ##

ac_cv_c_bigendian='no'
ac_cv_c_compiler_gnu='yes'
ac_cv_env_CC_set='set'
ac_cv_env_CC_value='/usr/local/arm/last/bin/arm-none-linux-gnueabi-gcc --sysroot=/home/vasyaod/work/SK-9G45-OEM/buildroot-2010.08/output/staging'
ac_cv_env_CFLAGS_set='set'
ac_cv_env_CFLAGS_value='-Os -pipe -Os  -mtune=arm926ej-s -march=armv5te -mabi=aapcs-linux -D_LARGEFILE_SOURCE -D_LARGEFILE64_SOURCE -D_FILE_OFFSET_BITS=64'
ac_cv_env_CPPFLAGS_set=''
ac_cv_env_CPPFLAGS_value=''
ac_cv_env_CPP_set='set'
ac_cv_env_CPP_value='/usr/local/arm/last/bin/arm-none-linux-gnueabi-cpp --sysroot=/home/vasyaod/work/SK-9G45-OEM/buildroot-2010.08/output/staging'
ac_cv_env_LDFLAGS_set='set'
ac_cv_env_LDFLAGS_value='-L/home/vasyaod/work/SK-9G45-OEM/buildroot-2010.08/output/staging/lib -L/home/vasyaod/work/SK-9G45-OEM/buildroot-2010.08/output/staging/usr/lib'
ac_cv_env_LIBS_set=''
ac_cv_env_LIBS_value=''
ac_cv_env_LIBUSB_CFLAGS_set=''
ac_cv_env_LIBUSB_CFLAGS_value=''
ac_cv_env_LIBUSB_LIBS_set=''
ac_cv_env_LIBUSB_LIBS_value=''
ac_cv_env_PKG_CONFIG_set='set'
ac_cv_env_PKG_CONFIG_value='/home/vasyaod/work/SK-9G45-OEM/buildroot-2010.08/output/host/usr/bin/pkg-config'
ac_cv_env_build_alias_set='set'
ac_cv_env_build_alias_value='i686-pc-linux-gnu'
ac_cv_env_host_alias_set='set'
ac_cv_env_host_alias_value='arm-linux'
ac_cv_env_target_alias_set='set'
ac_cv_env_target_alias_value='arm-linux'
ac_cv_func_calloc_0_nonnull='yes'
ac_cv_func_malloc_0_nonnull='yes'
ac_cv_func_memcmp_working='yes'
ac_cv_func_mmap_fixed_mapped='yes'
ac_cv_func_realloc_0_nonnull='yes'
ac_cv_have_decl_malloc='yes'
ac_cv_header_inttypes_h='yes'
ac_cv_header_memory_h='yes'
ac_cv_header_minix_config_h='no'
ac_cv_header_stdc='yes'
ac_cv_header_stdint_h='yes'
ac_cv_header_stdlib_h='yes'
ac_cv_header_string_h='yes'
ac_cv_header_strings_h='yes'
ac_cv_header_sys_stat_h='yes'
ac_cv_header_sys_types_h='yes'
ac_cv_header_unistd_h='yes'
ac_cv_lbl_unaligned_fail='yes'
ac_cv_objext='o'
ac_cv_path_EGREP='/bin/grep -E'
ac_cv_path_GREP='/bin/grep'
ac_cv_path_install='/usr/bin/install -c'
ac_cv_path_mkdir='/bin/mkdir'
ac_cv_prog_AWK='gawk'
ac_cv_prog_CC='/usr/local/arm/last/bin/arm-none-linux-gnueabi-gcc --sysroot=/home/vasyaod/work/SK-9G45-OEM/buildroot-2010.08/output/staging'
ac_cv_prog_CPP='/usr/local/arm/last/bin/arm-none-linux-gnueabi-cpp --sysroot=/home/vasyaod/work/SK-9G45-OEM/buildroot-2010.08/output/staging'
ac_cv_prog_STRIP='/usr/local/arm/last/bin/arm-none-linux-gnueabi-strip'
ac_cv_prog_cc_c89=''
ac_cv_prog_cc_g='yes'
ac_cv_prog_make_make_set='yes'
ac_cv_safe_to_define___extensions__='yes'
ac_cv_sys_file_offset_bits='no'
ac_cv_sys_largefile_CC='no'
am_cv_CC_dependencies_compiler_type='gcc3'
gl_cv_func_malloc_0_nonnull='yes'
pkg_cv_LIBUSB_CFLAGS='-I/home/vasyaod/work/SK-9G45-OEM/buildroot-2010.08/output/staging/usr/include/libusb-1.0  '
pkg_cv_LIBUSB_LIBS='-lusb -lusb-1.0  '

## ----------------- ##
## Output variables. ##
## ----------------- ##

ACLOCAL='${SHELL} /home/vasyaod/work/SK-9G45-OEM/buildroot-2010.08/output/build/usbutils-0.87/missing --run aclocal-1.11'
AMDEPBACKSLASH='\'
AMDEP_FALSE='#'
AMDEP_TRUE=''
AMTAR='${SHELL} /home/vasyaod/work/SK-9G45-OEM/buildroot-2010.08/output/build/usbutils-0.87/missing --run tar'
AM_BACKSLASH='\'
AM_DEFAULT_VERBOSITY='0'
AUTOCONF='${SHELL} /home/vasyaod/work/SK-9G45-OEM/buildroot-2010.08/output/build/usbutils-0.87/missing --run autoconf'
AUTOHEADER='${SHELL} /home/vasyaod/work/SK-9G45-OEM/buildroot-2010.08/output/build/usbutils-0.87/missing --run autoheader'
AUTOMAKE='${SHELL} /home/vasyaod/work/SK-9G45-OEM/buildroot-2010.08/output/build/usbutils-0.87/missing --run automake-1.11'
AWK='gawk'
CC='/usr/local/arm/last/bin/arm-none-linux-gnueabi-gcc --sysroot=/home/vasyaod/work/SK-9G45-OEM/buildroot-2010.08/output/staging'
CCDEPMODE='depmode=gcc3'
CFLAGS='-Os -pipe -Os  -mtune=arm926ej-s -march=armv5te -mabi=aapcs-linux -D_LARGEFILE_SOURCE -D_LARGEFILE64_SOURCE -D_FILE_OFFSET_BITS=64'
CPP='/usr/local/arm/last/bin/arm-none-linux-gnueabi-cpp --sysroot=/home/vasyaod/work/SK-9G45-OEM/buildroot-2010.08/output/staging'
CPPFLAGS=''
CYGPATH_W='echo'
DEFS='-DHAVE_CONFIG_H'
DEPDIR='.deps'
ECHO_C=''
ECHO_N='-n'
ECHO_T=''
EGREP='/bin/grep -E'
EXEEXT=''
GREP='/bin/grep'
HAVE_ZLIB_FALSE=''
HAVE_ZLIB_TRUE='#'
INSTALL_DATA='${INSTALL} -m 644'
INSTALL_PROGRAM='${INSTALL}'
INSTALL_SCRIPT='${INSTALL}'
INSTALL_STRIP_PROGRAM='$(install_sh) -c -s'
LDFLAGS='-L/home/vasyaod/work/SK-9G45-OEM/buildroot-2010.08/output/staging/lib -L/home/vasyaod/work/SK-9G45-OEM/buildroot-2010.08/output/staging/usr/lib'
LIBOBJS=''
LIBS=''
LIBUSB_CFLAGS='-I/home/vasyaod/work/SK-9G45-OEM/buildroot-2010.08/output/staging/usr/include/libusb-1.0  '
LIBUSB_LIBS='-lusb -lusb-1.0  '
LTLIBOBJS=''
MAKEINFO='${SHELL} /home/vasyaod/work/SK-9G45-OEM/buildroot-2010.08/output/build/usbutils-0.87/missing --run makeinfo'
MKDIR_P='/bin/mkdir -p'
OBJEXT='o'
PACKAGE='usbutils'
PACKAGE_BUGREPORT='linux-usb@vger.kernel.org'
PACKAGE_NAME='usbutils'
PACKAGE_STRING='usbutils 0.87'
PACKAGE_TARNAME='usbutils'
PACKAGE_VERSION='0.87'
PATH_SEPARATOR=':'
PKG_CONFIG='/home/vasyaod/work/SK-9G45-OEM/buildroot-2010.08/output/host/usr/bin/pkg-config'
SET_MAKE=''
SHELL='/bin/bash'
STRIP='/usr/local/arm/last/bin/arm-none-linux-gnueabi-strip'
VERSION='0.87'
ac_ct_CC=''
am__EXEEXT_FALSE=''
am__EXEEXT_TRUE='#'
am__fastdepCC_FALSE='#'
am__fastdepCC_TRUE=''
am__include='include'
am__isrc=''
am__leading_dot='.'
am__quote=''
am__tar='${AMTAR} chof - "$$tardir"'
am__untar='${AMTAR} xf -'
bindir='${exec_prefix}/bin'
build_alias='i686-pc-linux-gnu'
datadir='${datarootdir}'
datarootdir='${prefix}/share'
docdir='${datarootdir}/doc/${PACKAGE_TARNAME}'
dvidir='${docdir}'
exec_prefix='/usr'
host_alias='arm-linux'
htmldir='${docdir}'
includedir='${prefix}/include'
infodir='${datarootdir}/info'
install_sh='${SHELL} /home/vasyaod/work/SK-9G45-OEM/buildroot-2010.08/output/build/usbutils-0.87/install-sh'
libdir='${exec_prefix}/lib'
libexecdir='${exec_prefix}/libexec'
localedir='${datarootdir}/locale'
localstatedir='${prefix}/var'
mandir='${datarootdir}/man'
mkdir_p='/bin/mkdir -p'
oldincludedir='/usr/include'
pdfdir='${docdir}'
prefix='/usr'
program_transform_name='s,x,x,'
psdir='${docdir}'
sbindir='${exec_prefix}/sbin'
sharedstatedir='${prefix}/com'
sysconfdir='/etc'
target_alias='arm-linux'

## ----------- ##
## confdefs.h. ##
## ----------- ##

#define PACKAGE_NAME "usbutils"
#define PACKAGE_TARNAME "usbutils"
#define PACKAGE_VERSION "0.87"
#define PACKAGE_STRING "usbutils 0.87"
#define PACKAGE_BUGREPORT "linux-usb@vger.kernel.org"
#define PACKAGE "usbutils"
#define VERSION "0.87"
#define STDC_HEADERS 1
#define HAVE_SYS_TYPES_H 1
#define HAVE_SYS_STAT_H 1
#define HAVE_STDLIB_H 1
#define HAVE_STRING_H 1
#define HAVE_MEMORY_H 1
#define HAVE_STRINGS_H 1
#define HAVE_INTTYPES_H 1
#define HAVE_STDINT_H 1
#define HAVE_UNISTD_H 1
#define __EXTENSIONS__ 1
#define _ALL_SOURCE 1
#define _GNU_SOURCE 1
#define _POSIX_PTHREAD_SEMANTICS 1
#define _TANDEM_SOURCE 1

configure: exit 0
